20:17:07,448  INFO UserController:119 - Send Response: HTTP/1.1 200 XXXXX
Expires: Thu, 01 Jan 1970 00:00:00 GMT
Pragma: no-cache
Cache-Control: no-cache, no-store, max-age=0
Content-Type: text/plain;charset=UTF-8
Content-Length: 54
Date: Fri, 15 May 2020 12:17:06 GMT
 ,Result {"status":1,"message":{"count":0,"user":[],"limit":0}}
20:18:02,736  INFO UserController:119 - Send Response: HTTP/1.1 200 XXXXX
Expires: Thu, 01 Jan 1970 00:00:00 GMT
Pragma: no-cache
Cache-Control: no-cache, no-store, max-age=0
Content-Type: text/plain;charset=UTF-8
Content-Length: 54
Date: Fri, 15 May 2020 12:18:02 GMT
 ,Result {"status":1,"message":{"count":0,"user":[],"limit":0}}
20:18:05,448  INFO UserController:119 - Send Response: HTTP/1.1 200 XXXXX
Expires: Thu, 01 Jan 1970 00:00:00 GMT
Pragma: no-cache
Cache-Control: no-cache, no-store, max-age=0
Content-Type: text/plain;charset=UTF-8
Content-Length: 54
Date: Fri, 15 May 2020 12:18:05 GMT
 ,Result {"status":1,"message":{"count":0,"user":[],"limit":0}}
20:18:23,663  INFO UserController:119 - Send Response: HTTP/1.1 200 XXXXX
Expires: Thu, 01 Jan 1970 00:00:00 GMT
Pragma: no-cache
Cache-Control: no-cache, no-store, max-age=0
Content-Type: text/plain;charset=UTF-8
Content-Length: 2226
Date: Fri, 15 May 2020 12:18:23 GMT
 ,Result {"status":1,"message":{"count":3988,"user":[{"id":"000f6ff0-3","username":"bc4f","gender":"女","phone":"13111111111","email":"1be9f0@163.com","address":"虚拟地址","datein":1589441738000,"status":"已启用","passwardId":"000f6ff0-3","roleId":"0036aa41-d"},{"id":"00208c85-0","username":"044a","gender":"女","phone":"13111111111","email":"aa78a4@163.com","address":"虚拟地址","datein":1589441734000,"status":"已启用","passwardId":"00208c85-0","roleId":"0036aa41-d"},{"id":"0026148a-b","username":"8dfb","gender":"女","phone":"13111111111","email":"85eff9@163.com","address":"虚拟地址","datein":1589441737000,"status":"已启用","passwardId":"0026148a-b","roleId":"0036aa41-d"},{"id":"002866a6-6","username":"c4b3","gender":"女","phone":"13111111111","email":"21e269@163.com","address":"虚拟地址","datein":1589441741000,"status":"已启用","passwardId":"002866a6-6","roleId":"0036aa41-d"},{"id":"003e1029-8","username":"f439","gender":"女","phone":"13111111111","email":"03938f@163.com","address":"虚拟地址","datein":1589441731000,"status":"已启用","passwardId":"003e1029-8","roleId":"0036aa41-d"},{"id":"00473aa3-0","username":"3019","gender":"女","phone":"13111111111","email":"2d7ea1@163.com","address":"虚拟地址","datein":1589441740000,"status":"已启用","passwardId":"00473aa3-0","roleId":"0036aa41-d"},{"id":"004ba9dd-7","username":"af82","gender":"女","phone":"13111111111","email":"edeae4@163.com","address":"虚拟地址","datein":1589441739000,"status":"已启用","passwardId":"004ba9dd-7","roleId":"0036aa41-d"},{"id":"005c49ca-0","username":"d844","gender":"女","phone":"13111111111","email":"bb4b2c@163.com","address":"虚拟地址","datein":1589441748000,"status":"已启用","passwardId":"005c49ca-0","roleId":"0036aa41-d"},{"id":"005fc391-7","username":"ca2b","gender":"女","phone":"13111111111","email":"cdb1d9@163.com","address":"虚拟地址","datein":1589441738000,"status":"已启用","passwardId":"005fc391-7","roleId":"0036aa41-d"},{"id":"0062626b-d","username":"864c","gender":"女","phone":"13111111111","email":"7812af@163.com","address":"虚拟地址","datein":1589441736000,"status":"已启用","passwardId":"0062626b-d","roleId":"0036aa41-d"}],"limit":0}}
20:21:58,161  INFO UserController:119 - Send Response: HTTP/1.1 200 XXXXX
Expires: Thu, 01 Jan 1970 00:00:00 GMT
Pragma: no-cache
Cache-Control: no-cache, no-store, max-age=0
Content-Type: text/plain;charset=UTF-8
Content-Length: 2225
Date: Fri, 15 May 2020 12:21:58 GMT
 ,Result {"status":1,"message":{"count":985,"user":[{"id":"000108ea-e","username":"77c1","gender":"女","phone":"13111111111","email":"e2d620@163.com","address":"虚拟地址","datein":1589545295000,"status":"已启用","passwardId":"000108ea-e","roleId":"0036aa41-d"},{"id":"0017c719-9","username":"d432","gender":"女","phone":"13111111111","email":"c2c5c5@163.com","address":"虚拟地址","datein":1589545287000,"status":"已启用","passwardId":"0017c719-9","roleId":"0036aa41-d"},{"id":"002fe87e-6","username":"9db6","gender":"女","phone":"13111111111","email":"f6d536@163.com","address":"虚拟地址","datein":1589545285000,"status":"已启用","passwardId":"002fe87e-6","roleId":"0036aa41-d"},{"id":"0032430c-6","username":"68f7","gender":"女","phone":"13111111111","email":"bb54da@163.com","address":"虚拟地址","datein":1589545290000,"status":"已启用","passwardId":"0032430c-6","roleId":"0036aa41-d"},{"id":"00a6a120-2","username":"e185","gender":"女","phone":"13111111111","email":"b45de9@163.com","address":"虚拟地址","datein":1589545293000,"status":"已启用","passwardId":"00a6a120-2","roleId":"0036aa41-d"},{"id":"012e2894-7","username":"5cd5","gender":"女","phone":"13111111111","email":"ce6133@163.com","address":"虚拟地址","datein":1589545288000,"status":"已启用","passwardId":"012e2894-7","roleId":"0036aa41-d"},{"id":"014e44f6-7","username":"08de","gender":"女","phone":"13111111111","email":"4ef7b3@163.com","address":"虚拟地址","datein":1589545288000,"status":"已启用","passwardId":"014e44f6-7","roleId":"0036aa41-d"},{"id":"0190fe8d-5","username":"8c84","gender":"女","phone":"13111111111","email":"8cb8e9@163.com","address":"虚拟地址","datein":1589545290000,"status":"已启用","passwardId":"0190fe8d-5","roleId":"0036aa41-d"},{"id":"01aff3eb-4","username":"debb","gender":"女","phone":"13111111111","email":"244af8@163.com","address":"虚拟地址","datein":1589545294000,"status":"已启用","passwardId":"01aff3eb-4","roleId":"0036aa41-d"},{"id":"01fa2109-2","username":"e5ce","gender":"女","phone":"13111111111","email":"6446f8@163.com","address":"虚拟地址","datein":1589545298000,"status":"已启用","passwardId":"01fa2109-2","roleId":"0036aa41-d"}],"limit":0}}
20:22:19,289  INFO UserController:119 - Send Response: HTTP/1.1 200 XXXXX
Vary: Origin
Vary: Origin
Vary: Origin
Access-Control-Allow-Origin: *
Expires: Thu, 01 Jan 1970 00:00:00 GMT
Pragma: no-cache
Cache-Control: no-cache, no-store, max-age=0
Content-Type: text/plain;charset=UTF-8
Content-Length: 2225
Date: Fri, 15 May 2020 12:22:18 GMT
 ,Result {"status":1,"message":{"count":986,"user":[{"id":"00e95339-5","username":"1bcb","gender":"男","phone":"13111111111","email":"cf48c9@163.com","address":"虚拟地址","datein":1589545289000,"status":"已启用","passwardId":"00e95339-5","roleId":"0036aa41-d"},{"id":"014654d8-7","username":"63f3","gender":"男","phone":"13111111111","email":"1c29ff@163.com","address":"虚拟地址","datein":1589545292000,"status":"已启用","passwardId":"014654d8-7","roleId":"0036aa41-d"},{"id":"01b009c5-e","username":"7d81","gender":"男","phone":"13111111111","email":"918ce6@163.com","address":"虚拟地址","datein":1589545284000,"status":"已启用","passwardId":"01b009c5-e","roleId":"0036aa41-d"},{"id":"01f57881-f","username":"641b","gender":"男","phone":"13111111111","email":"bcf17b@163.com","address":"虚拟地址","datein":1589545300000,"status":"已启用","passwardId":"01f57881-f","roleId":"0036aa41-d"},{"id":"021b3bfa-6","username":"4503","gender":"男","phone":"13111111111","email":"1309b2@163.com","address":"虚拟地址","datein":1589545296000,"status":"已启用","passwardId":"021b3bfa-6","roleId":"0036aa41-d"},{"id":"0227954a-6","username":"c708","gender":"男","phone":"13111111111","email":"ee305f@163.com","address":"虚拟地址","datein":1589545285000,"status":"已启用","passwardId":"0227954a-6","roleId":"0036aa41-d"},{"id":"02513158-e","username":"b228","gender":"男","phone":"13111111111","email":"c645b2@163.com","address":"虚拟地址","datein":1589545290000,"status":"已启用","passwardId":"02513158-e","roleId":"0036aa41-d"},{"id":"029a030d-5","username":"4362","gender":"男","phone":"13111111111","email":"aed778@163.com","address":"虚拟地址","datein":1589545298000,"status":"已启用","passwardId":"029a030d-5","roleId":"0036aa41-d"},{"id":"02cd0e5c-d","username":"af68","gender":"男","phone":"13111111111","email":"d969e5@163.com","address":"虚拟地址","datein":1589545289000,"status":"已启用","passwardId":"02cd0e5c-d","roleId":"0036aa41-d"},{"id":"0311784f-e","username":"8118","gender":"男","phone":"13111111111","email":"2aa16e@163.com","address":"虚拟地址","datein":1589545285000,"status":"已启用","passwardId":"0311784f-e","roleId":"0036aa41-d"}],"limit":0}}
20:22:24,012  INFO UserController:119 - Send Response: HTTP/1.1 200 XXXXX
Vary: Origin
Vary: Origin
Vary: Origin
Access-Control-Allow-Origin: *
Expires: Thu, 01 Jan 1970 00:00:00 GMT
Pragma: no-cache
Cache-Control: no-cache, no-store, max-age=0
Content-Type: text/plain;charset=UTF-8
Content-Length: 2226
Date: Fri, 15 May 2020 12:22:24 GMT
 ,Result {"status":1,"message":{"count":986,"user":[{"id":"032d20e6-b","username":"7cf5","gender":"男","phone":"13111111111","email":"5d68e7@163.com","address":"虚拟地址","datein":1589545287000,"status":"已启用","passwardId":"032d20e6-b","roleId":"0036aa41-d"},{"id":"036fbd75-e","username":"6915","gender":"男","phone":"13111111111","email":"f3417c@163.com","address":"虚拟地址","datein":1589545292000,"status":"已启用","passwardId":"036fbd75-e","roleId":"0036aa41-d"},{"id":"037b4055-b","username":"69a5","gender":"男","phone":"13111111111","email":"be7537@163.com","address":"虚拟地址","datein":1589545291000,"status":"已启用","passwardId":"037b4055-b","roleId":"0036aa41-d"},{"id":"03b7e664-a","username":"e1ce","gender":"男","phone":"13111111111","email":"734a63@163.com","address":"虚拟地址","datein":1589545296000,"status":"已启用","passwardId":"03b7e664-a","roleId":"0036aa41-d"},{"id":"03cf450b-9","username":"87f3","gender":"男","phone":"13111111111","email":"cbf3f8@163.com","address":"虚拟地址","datein":1589545288000,"status":"已启用","passwardId":"03cf450b-9","roleId":"0036aa41-d"},{"id":"04a5527b-b","username":"ca74","gender":"男","phone":"13111111111","email":"2b5f05@163.com","address":"虚拟地址","datein":1589545295000,"status":"已启用","passwardId":"04a5527b-b","roleId":"0036aa41-d"},{"id":"04c9ebec-f","username":"102a","gender":"男","phone":"13111111111","email":"2111d5@163.com","address":"虚拟地址","datein":1589545298000,"status":"已启用","passwardId":"04c9ebec-f","roleId":"0036aa41-d"},{"id":"05007859-3","username":"db92","gender":"男","phone":"13111111111","email":"289a6c@163.com","address":"虚拟地址","datein":1589545287000,"status":"已启用","passwardId":"05007859-3","roleId":"0036aa41-d"},{"id":"05c541a4-8","username":"2386","gender":"男","phone":"13111111111","email":"56a5ee@163.com","address":"虚拟地址","datein":1589545297000,"status":"已启用","passwardId":"05c541a4-8","roleId":"0036aa41-d"},{"id":"0622ffb9-5","username":"b590","gender":"男","phone":"13111111111","email":"f8be85@163.com","address":"虚拟地址","datein":1589545289000,"status":"已启用","passwardId":"0622ffb9-5","roleId":"0036aa41-d"}],"limit":10}}
20:22:24,513  INFO UserController:119 - Send Response: HTTP/1.1 200 XXXXX
Vary: Origin
Vary: Origin
Vary: Origin
Access-Control-Allow-Origin: *
Expires: Thu, 01 Jan 1970 00:00:00 GMT
Pragma: no-cache
Cache-Control: no-cache, no-store, max-age=0
Content-Type: text/plain;charset=UTF-8
Content-Length: 2226
Date: Fri, 15 May 2020 12:22:24 GMT
 ,Result {"status":1,"message":{"count":986,"user":[{"id":"0623c725-b","username":"57e5","gender":"男","phone":"13111111111","email":"0b0222@163.com","address":"虚拟地址","datein":1589545296000,"status":"已启用","passwardId":"0623c725-b","roleId":"0036aa41-d"},{"id":"0626cbec-c","username":"d940","gender":"男","phone":"13111111111","email":"cd8093@163.com","address":"虚拟地址","datein":1589545285000,"status":"已启用","passwardId":"0626cbec-c","roleId":"0036aa41-d"},{"id":"0628a442-d","username":"1121","gender":"男","phone":"13111111111","email":"d6a0b2@163.com","address":"虚拟地址","datein":1589545285000,"status":"已启用","passwardId":"0628a442-d","roleId":"0036aa41-d"},{"id":"0644fb3d-0","username":"9829","gender":"男","phone":"13111111111","email":"891c3c@163.com","address":"虚拟地址","datein":1589545289000,"status":"已启用","passwardId":"0644fb3d-0","roleId":"0036aa41-d"},{"id":"0651b642-d","username":"8817","gender":"男","phone":"13111111111","email":"277711@163.com","address":"虚拟地址","datein":1589545289000,"status":"已启用","passwardId":"0651b642-d","roleId":"0036aa41-d"},{"id":"069a356e-1","username":"29d1","gender":"男","phone":"13111111111","email":"5fc46c@163.com","address":"虚拟地址","datein":1589545291000,"status":"已启用","passwardId":"069a356e-1","roleId":"0036aa41-d"},{"id":"06b0b4c8-e","username":"8381","gender":"男","phone":"13111111111","email":"3e4760@163.com","address":"虚拟地址","datein":1589545286000,"status":"已启用","passwardId":"06b0b4c8-e","roleId":"0036aa41-d"},{"id":"06eea808-8","username":"0100","gender":"男","phone":"13111111111","email":"ee3979@163.com","address":"虚拟地址","datein":1589545298000,"status":"已启用","passwardId":"06eea808-8","roleId":"0036aa41-d"},{"id":"06fa532f-5","username":"8771","gender":"男","phone":"13111111111","email":"685063@163.com","address":"虚拟地址","datein":1589545290000,"status":"已启用","passwardId":"06fa532f-5","roleId":"0036aa41-d"},{"id":"070604f8-6","username":"8111","gender":"男","phone":"13111111111","email":"54ae44@163.com","address":"虚拟地址","datein":1589545287000,"status":"已启用","passwardId":"070604f8-6","roleId":"0036aa41-d"}],"limit":20}}
20:22:25,130  INFO UserController:119 - Send Response: HTTP/1.1 200 XXXXX
Vary: Origin
Vary: Origin
Vary: Origin
Access-Control-Allow-Origin: *
Expires: Thu, 01 Jan 1970 00:00:00 GMT
Pragma: no-cache
Cache-Control: no-cache, no-store, max-age=0
Content-Type: text/plain;charset=UTF-8
Content-Length: 2226
Date: Fri, 15 May 2020 12:22:25 GMT
 ,Result {"status":1,"message":{"count":986,"user":[{"id":"070c970c-8","username":"2d79","gender":"男","phone":"13111111111","email":"426e60@163.com","address":"虚拟地址","datein":1589545284000,"status":"已启用","passwardId":"070c970c-8","roleId":"0036aa41-d"},{"id":"07170319-5","username":"e5b2","gender":"男","phone":"13111111111","email":"2261e8@163.com","address":"虚拟地址","datein":1589545296000,"status":"已启用","passwardId":"07170319-5","roleId":"0036aa41-d"},{"id":"0730b401-d","username":"3751","gender":"男","phone":"13111111111","email":"9474bb@163.com","address":"虚拟地址","datein":1589545285000,"status":"已启用","passwardId":"0730b401-d","roleId":"0036aa41-d"},{"id":"07545408-9","username":"5f0a","gender":"男","phone":"13111111111","email":"fe2acd@163.com","address":"虚拟地址","datein":1589545298000,"status":"已启用","passwardId":"07545408-9","roleId":"0036aa41-d"},{"id":"07c869ab-b","username":"4b95","gender":"男","phone":"13111111111","email":"e3609e@163.com","address":"虚拟地址","datein":1589545286000,"status":"已启用","passwardId":"07c869ab-b","roleId":"0036aa41-d"},{"id":"07f7145f-3","username":"3134","gender":"男","phone":"13111111111","email":"70977d@163.com","address":"虚拟地址","datein":1589545300000,"status":"已启用","passwardId":"07f7145f-3","roleId":"0036aa41-d"},{"id":"0851336c-d","username":"c6de","gender":"男","phone":"13111111111","email":"20f25f@163.com","address":"虚拟地址","datein":1589545284000,"status":"已启用","passwardId":"0851336c-d","roleId":"0036aa41-d"},{"id":"0869424c-2","username":"02ac","gender":"男","phone":"13111111111","email":"63b380@163.com","address":"虚拟地址","datein":1589545292000,"status":"已启用","passwardId":"0869424c-2","roleId":"0036aa41-d"},{"id":"091f82cc-6","username":"1a96","gender":"男","phone":"13111111111","email":"ac77d9@163.com","address":"虚拟地址","datein":1589545295000,"status":"已启用","passwardId":"091f82cc-6","roleId":"0036aa41-d"},{"id":"0950ecbd-0","username":"a896","gender":"男","phone":"13111111111","email":"17adf7@163.com","address":"虚拟地址","datein":1589545297000,"status":"已启用","passwardId":"0950ecbd-0","roleId":"0036aa41-d"}],"limit":30}}
20:22:25,919  INFO UserController:119 - Send Response: HTTP/1.1 200 XXXXX
Vary: Origin
Vary: Origin
Vary: Origin
Access-Control-Allow-Origin: *
Expires: Thu, 01 Jan 1970 00:00:00 GMT
Pragma: no-cache
Cache-Control: no-cache, no-store, max-age=0
Content-Type: text/plain;charset=UTF-8
Content-Length: 2225
Date: Fri, 15 May 2020 12:22:25 GMT
 ,Result {"status":1,"message":{"count":986,"user":[{"id":"00e95339-5","username":"1bcb","gender":"男","phone":"13111111111","email":"cf48c9@163.com","address":"虚拟地址","datein":1589545289000,"status":"已启用","passwardId":"00e95339-5","roleId":"0036aa41-d"},{"id":"014654d8-7","username":"63f3","gender":"男","phone":"13111111111","email":"1c29ff@163.com","address":"虚拟地址","datein":1589545292000,"status":"已启用","passwardId":"014654d8-7","roleId":"0036aa41-d"},{"id":"01b009c5-e","username":"7d81","gender":"男","phone":"13111111111","email":"918ce6@163.com","address":"虚拟地址","datein":1589545284000,"status":"已启用","passwardId":"01b009c5-e","roleId":"0036aa41-d"},{"id":"01f57881-f","username":"641b","gender":"男","phone":"13111111111","email":"bcf17b@163.com","address":"虚拟地址","datein":1589545300000,"status":"已启用","passwardId":"01f57881-f","roleId":"0036aa41-d"},{"id":"021b3bfa-6","username":"4503","gender":"男","phone":"13111111111","email":"1309b2@163.com","address":"虚拟地址","datein":1589545296000,"status":"已启用","passwardId":"021b3bfa-6","roleId":"0036aa41-d"},{"id":"0227954a-6","username":"c708","gender":"男","phone":"13111111111","email":"ee305f@163.com","address":"虚拟地址","datein":1589545285000,"status":"已启用","passwardId":"0227954a-6","roleId":"0036aa41-d"},{"id":"02513158-e","username":"b228","gender":"男","phone":"13111111111","email":"c645b2@163.com","address":"虚拟地址","datein":1589545290000,"status":"已启用","passwardId":"02513158-e","roleId":"0036aa41-d"},{"id":"029a030d-5","username":"4362","gender":"男","phone":"13111111111","email":"aed778@163.com","address":"虚拟地址","datein":1589545298000,"status":"已启用","passwardId":"029a030d-5","roleId":"0036aa41-d"},{"id":"02cd0e5c-d","username":"af68","gender":"男","phone":"13111111111","email":"d969e5@163.com","address":"虚拟地址","datein":1589545289000,"status":"已启用","passwardId":"02cd0e5c-d","roleId":"0036aa41-d"},{"id":"0311784f-e","username":"8118","gender":"男","phone":"13111111111","email":"2aa16e@163.com","address":"虚拟地址","datein":1589545285000,"status":"已启用","passwardId":"0311784f-e","roleId":"0036aa41-d"}],"limit":0}}
20:22:32,633  INFO UserController:119 - Send Response: HTTP/1.1 200 XXXXX
Vary: Origin
Vary: Origin
Vary: Origin
Access-Control-Allow-Origin: *
Expires: Thu, 01 Jan 1970 00:00:00 GMT
Pragma: no-cache
Cache-Control: no-cache, no-store, max-age=0
Content-Type: text/plain;charset=UTF-8
Content-Length: 2225
Date: Fri, 15 May 2020 12:22:32 GMT
 ,Result {"status":1,"message":{"count":986,"user":[{"id":"00e95339-5","username":"1bcb","gender":"男","phone":"13111111111","email":"cf48c9@163.com","address":"虚拟地址","datein":1589545289000,"status":"已启用","passwardId":"00e95339-5","roleId":"0036aa41-d"},{"id":"014654d8-7","username":"63f3","gender":"男","phone":"13111111111","email":"1c29ff@163.com","address":"虚拟地址","datein":1589545292000,"status":"已启用","passwardId":"014654d8-7","roleId":"0036aa41-d"},{"id":"01b009c5-e","username":"7d81","gender":"男","phone":"13111111111","email":"918ce6@163.com","address":"虚拟地址","datein":1589545284000,"status":"已启用","passwardId":"01b009c5-e","roleId":"0036aa41-d"},{"id":"01f57881-f","username":"641b","gender":"男","phone":"13111111111","email":"bcf17b@163.com","address":"虚拟地址","datein":1589545300000,"status":"已启用","passwardId":"01f57881-f","roleId":"0036aa41-d"},{"id":"021b3bfa-6","username":"4503","gender":"男","phone":"13111111111","email":"1309b2@163.com","address":"虚拟地址","datein":1589545296000,"status":"已启用","passwardId":"021b3bfa-6","roleId":"0036aa41-d"},{"id":"0227954a-6","username":"c708","gender":"男","phone":"13111111111","email":"ee305f@163.com","address":"虚拟地址","datein":1589545285000,"status":"已启用","passwardId":"0227954a-6","roleId":"0036aa41-d"},{"id":"02513158-e","username":"b228","gender":"男","phone":"13111111111","email":"c645b2@163.com","address":"虚拟地址","datein":1589545290000,"status":"已启用","passwardId":"02513158-e","roleId":"0036aa41-d"},{"id":"029a030d-5","username":"4362","gender":"男","phone":"13111111111","email":"aed778@163.com","address":"虚拟地址","datein":1589545298000,"status":"已启用","passwardId":"029a030d-5","roleId":"0036aa41-d"},{"id":"02cd0e5c-d","username":"af68","gender":"男","phone":"13111111111","email":"d969e5@163.com","address":"虚拟地址","datein":1589545289000,"status":"已启用","passwardId":"02cd0e5c-d","roleId":"0036aa41-d"},{"id":"0311784f-e","username":"8118","gender":"男","phone":"13111111111","email":"2aa16e@163.com","address":"虚拟地址","datein":1589545285000,"status":"已启用","passwardId":"0311784f-e","roleId":"0036aa41-d"}],"limit":0}}
20:25:14,422  INFO UserController:119 - Send Response: HTTP/1.1 200 XXXXX
Expires: Thu, 01 Jan 1970 00:00:00 GMT
Pragma: no-cache
Cache-Control: no-cache, no-store, max-age=0
Content-Type: text/plain;charset=UTF-8
Content-Length: 2225
Date: Fri, 15 May 2020 12:25:13 GMT
 ,Result {"status":1,"message":{"count":986,"user":[{"id":"00e95339-5","username":"1bcb","gender":"男","phone":"13111111111","email":"cf48c9@163.com","address":"虚拟地址","datein":1589545289000,"status":"已启用","passwardId":"00e95339-5","roleId":"0036aa41-d"},{"id":"014654d8-7","username":"63f3","gender":"男","phone":"13111111111","email":"1c29ff@163.com","address":"虚拟地址","datein":1589545292000,"status":"已启用","passwardId":"014654d8-7","roleId":"0036aa41-d"},{"id":"01b009c5-e","username":"7d81","gender":"男","phone":"13111111111","email":"918ce6@163.com","address":"虚拟地址","datein":1589545284000,"status":"已启用","passwardId":"01b009c5-e","roleId":"0036aa41-d"},{"id":"01f57881-f","username":"641b","gender":"男","phone":"13111111111","email":"bcf17b@163.com","address":"虚拟地址","datein":1589545300000,"status":"已启用","passwardId":"01f57881-f","roleId":"0036aa41-d"},{"id":"021b3bfa-6","username":"4503","gender":"男","phone":"13111111111","email":"1309b2@163.com","address":"虚拟地址","datein":1589545296000,"status":"已启用","passwardId":"021b3bfa-6","roleId":"0036aa41-d"},{"id":"0227954a-6","username":"c708","gender":"男","phone":"13111111111","email":"ee305f@163.com","address":"虚拟地址","datein":1589545285000,"status":"已启用","passwardId":"0227954a-6","roleId":"0036aa41-d"},{"id":"02513158-e","username":"b228","gender":"男","phone":"13111111111","email":"c645b2@163.com","address":"虚拟地址","datein":1589545290000,"status":"已启用","passwardId":"02513158-e","roleId":"0036aa41-d"},{"id":"029a030d-5","username":"4362","gender":"男","phone":"13111111111","email":"aed778@163.com","address":"虚拟地址","datein":1589545298000,"status":"已启用","passwardId":"029a030d-5","roleId":"0036aa41-d"},{"id":"02cd0e5c-d","username":"af68","gender":"男","phone":"13111111111","email":"d969e5@163.com","address":"虚拟地址","datein":1589545289000,"status":"已启用","passwardId":"02cd0e5c-d","roleId":"0036aa41-d"},{"id":"0311784f-e","username":"8118","gender":"男","phone":"13111111111","email":"2aa16e@163.com","address":"虚拟地址","datein":1589545285000,"status":"已启用","passwardId":"0311784f-e","roleId":"0036aa41-d"}],"limit":0}}
20:36:20,185  INFO UserController:119 - Send Response: HTTP/1.1 200 XXXXX
Expires: Thu, 01 Jan 1970 00:00:00 GMT
Pragma: no-cache
Cache-Control: no-cache, no-store, max-age=0
Content-Type: text/plain;charset=UTF-8
Content-Length: 2225
Date: Fri, 15 May 2020 12:36:19 GMT
 ,Result {"status":1,"message":{"count":986,"user":[{"id":"00e95339-5","username":"1bcb","gender":"男","phone":"13111111111","email":"cf48c9@163.com","address":"虚拟地址","datein":1589545289000,"status":"已启用","passwardId":"00e95339-5","roleId":"0036aa41-d"},{"id":"014654d8-7","username":"63f3","gender":"男","phone":"13111111111","email":"1c29ff@163.com","address":"虚拟地址","datein":1589545292000,"status":"已启用","passwardId":"014654d8-7","roleId":"0036aa41-d"},{"id":"01b009c5-e","username":"7d81","gender":"男","phone":"13111111111","email":"918ce6@163.com","address":"虚拟地址","datein":1589545284000,"status":"已启用","passwardId":"01b009c5-e","roleId":"0036aa41-d"},{"id":"01f57881-f","username":"641b","gender":"男","phone":"13111111111","email":"bcf17b@163.com","address":"虚拟地址","datein":1589545300000,"status":"已启用","passwardId":"01f57881-f","roleId":"0036aa41-d"},{"id":"021b3bfa-6","username":"4503","gender":"男","phone":"13111111111","email":"1309b2@163.com","address":"虚拟地址","datein":1589545296000,"status":"已启用","passwardId":"021b3bfa-6","roleId":"0036aa41-d"},{"id":"0227954a-6","username":"c708","gender":"男","phone":"13111111111","email":"ee305f@163.com","address":"虚拟地址","datein":1589545285000,"status":"已启用","passwardId":"0227954a-6","roleId":"0036aa41-d"},{"id":"02513158-e","username":"b228","gender":"男","phone":"13111111111","email":"c645b2@163.com","address":"虚拟地址","datein":1589545290000,"status":"已启用","passwardId":"02513158-e","roleId":"0036aa41-d"},{"id":"029a030d-5","username":"4362","gender":"男","phone":"13111111111","email":"aed778@163.com","address":"虚拟地址","datein":1589545298000,"status":"已启用","passwardId":"029a030d-5","roleId":"0036aa41-d"},{"id":"02cd0e5c-d","username":"af68","gender":"男","phone":"13111111111","email":"d969e5@163.com","address":"虚拟地址","datein":1589545289000,"status":"已启用","passwardId":"02cd0e5c-d","roleId":"0036aa41-d"},{"id":"0311784f-e","username":"8118","gender":"男","phone":"13111111111","email":"2aa16e@163.com","address":"虚拟地址","datein":1589545285000,"status":"已启用","passwardId":"0311784f-e","roleId":"0036aa41-d"}],"limit":0}}
